<?xml version="1.0" encoding="UTF-8"?>
<!-- Generated by org.testng.reporters.JUnitXMLReporter -->
<testsuite ignored="3" hostname="Pradeep_Laptop" failures="0" tests="1" name="Default test" time="4.81" errors="0" timestamp="2025-12-30T17:31:17 IST">
  <testcase classname="tests.NegativeTests" name="createDuplicateUser_shouldFail" time="4.692"/>
  <testcase classname="tests.NegativeTests" name="deleteBook_ofAnotherUser_shouldFail" time="0.0">
    <ignored/>
  </testcase> <!-- deleteBook_ofAnotherUser_shouldFail -->
  <testcase classname="tests.NegativeTests" name="getBooks_withoutToken_shouldFail" time="0.0">
    <ignored/>
  </testcase> <!-- getBooks_withoutToken_shouldFail -->
  <testcase classname="tests.NegativeTests" name="addBook_withoutToken_shouldFail" time="0.0">
    <ignored/>
  </testcase> <!-- addBook_withoutToken_shouldFail -->
</testsuite> <!-- Default test -->
